<?xml version="1.0" encoding="UTF-8"?>
<testng-results ignored="0" total="1" passed="1" failed="0" skipped="0">
  <reporter-output>
  </reporter-output>
  <suite started-at="2025-06-11T15:05:53 CST" name="Default suite" finished-at="2025-06-11T15:05:59 CST" duration-ms="5917">
    <groups>
    </groups>
    <test started-at="2025-06-11T15:05:53 CST" name="Default test" finished-at="2025-06-11T15:05:59 CST" duration-ms="5917">
      <class name="tests.LoginTest">
        <test-method is-config="true" signature="setupReport()[pri:0, instance:tests.LoginTest@5fbe4146]" started-at="2025-06-11T15:05:53 CST" name="setupReport" finished-at="2025-06-11T15:05:53 CST" duration-ms="246" status="PASS">
          <reporter-output>
          </reporter-output>
        </test-method> <!-- setupReport -->
        <test-method is-config="true" signature="setup()[pri:0, instance:tests.LoginTest@5fbe4146]" started-at="2025-06-11T15:05:53 CST" name="setup" finished-at="2025-06-11T15:05:58 CST" duration-ms="4955" status="PASS">
          <reporter-output>
          </reporter-output>
        </test-method> <!-- setup -->
        <test-method signature="testValidLogin()[pri:0, instance:tests.LoginTest@5fbe4146]" started-at="2025-06-11T15:05:58 CST" name="testValidLogin" finished-at="2025-06-11T15:05:59 CST" duration-ms="799" status="PASS">
          <reporter-output>
          </reporter-output>
        </test-method> <!-- testValidLogin -->
        <test-method is-config="true" signature="tearDown(org.testng.ITestResult)[pri:0, instance:tests.LoginTest@5fbe4146]" started-at="2025-06-11T15:05:59 CST" name="tearDown" finished-at="2025-06-11T15:05:59 CST" duration-ms="139" status="PASS">
          <params>
            <param index="0">
              <value>
                <![CDATA[[TestResult name=testValidLogin status=SUCCESS method=LoginTest.testValidLogin()[pri:0, instance:tests.LoginTest@5fbe4146] output={null}]]]>
              </value>
            </param>
          </params>
          <reporter-output>
          </reporter-output>
        </test-method> <!-- tearDown -->
        <test-method is-config="true" signature="tearDownReport()[pri:0, instance:tests.LoginTest@5fbe4146]" started-at="2025-06-11T15:05:59 CST" name="tearDownReport" finished-at="2025-06-11T15:06:03 CST" duration-ms="4694" status="PASS">
          <reporter-output>
          </reporter-output>
        </test-method> <!-- tearDownReport -->
      </class> <!-- tests.LoginTest -->
    </test> <!-- Default test -->
  </suite> <!-- Default suite -->
</testng-results>
