<?xml version="1.0" encoding="UTF-8"?>
<testng-results ignored="0" total="1" passed="1" failed="0" skipped="0">
  <reporter-output>
  </reporter-output>
  <suite started-at="2025-05-27T20:23:48 CST" name="LoginSuite" finished-at="2025-05-27T20:23:51 CST" duration-ms="3422">
    <groups>
    </groups>
    <test started-at="2025-05-27T20:23:48 CST" name="LoginTests" finished-at="2025-05-27T20:23:51 CST" duration-ms="3422">
      <class name="tests.LoginTest">
        <test-method is-config="true" signature="setup()[pri:0, instance:tests.LoginTest@5b7a5baa]" started-at="2025-05-27T20:23:48 CST" name="setup" finished-at="2025-05-27T20:23:51 CST" duration-ms="2722" status="PASS">
          <reporter-output>
          </reporter-output>
        </test-method> <!-- setup -->
        <test-method signature="testValidLogin()[pri:0, instance:tests.LoginTest@5b7a5baa]" started-at="2025-05-27T20:23:51 CST" name="testValidLogin" finished-at="2025-05-27T20:23:51 CST" duration-ms="657" status="PASS">
          <reporter-output>
          </reporter-output>
        </test-method> <!-- testValidLogin -->
        <test-method is-config="true" signature="tearDown()[pri:0, instance:tests.LoginTest@5b7a5baa]" started-at="2025-05-27T20:23:51 CST" name="tearDown" finished-at="2025-05-27T20:23:51 CST" duration-ms="1" status="PASS">
          <reporter-output>
          </reporter-output>
        </test-method> <!-- tearDown -->
      </class> <!-- tests.LoginTest -->
    </test> <!-- LoginTests -->
  </suite> <!-- LoginSuite -->
</testng-results>
